Using pre-set license
Built from '2020.3/release' branch; Version is '2020.3.12f1 (b3b2c6512326) revision 11776710'; Using compiler version '192528614'; Build Type 'Release'
OS: 'Windows 10 Home; OS build 19042.1415; Version 2009; 64bit' Language: 'en' Physical Memory: 16313 MB
BatchMode: 1, IsHumanControllingUs: 0, StartBugReporterOnCrash: 0, Is64bit: 1, IsPro: 0

 COMMAND LINE ARGUMENTS:
C:\Program Files\Unity\Hub\Editor\2020.3.12f1\Editor\Unity.exe
-adb2
-batchMode
-noUpm
-name
AssetImportWorker0
-projectPath
C:/Users/Josh/OneDrive/Desktop/TheLastStand/TheLastStand
-logFile
Logs/AssetImportWorker0.log
-srvPort
49275
Successfully changed project path to: C:/Users/Josh/OneDrive/Desktop/TheLastStand/TheLastStand
C:/Users/Josh/OneDrive/Desktop/TheLastStand/TheLastStand
Using Asset Import Pipeline V2.
Refreshing native plugins compatible for Editor in 32.81 ms, found 2 plugins.
Preloading 0 native plugins for Editor in 0.00 ms.
Initialize engine version: 2020.3.12f1 (b3b2c6512326)
[Subsystems] Discovering subsystems at path C:/Program Files/Unity/Hub/Editor/2020.3.12f1/Editor/Data/Resources/UnitySubsystems
[Subsystems] Discovering subsystems at path C:/Users/Josh/OneDrive/Desktop/TheLastStand/TheLastStand/Assets
GfxDevice: creating device client; threaded=0
Direct3D:
    Version:  Direct3D 11.0 [level 11.1]
    Renderer: NVIDIA GeForce GTX 1660 SUPER (ID=0x21c4)
    Vendor:   
    VRAM:     5991 MB
    Driver:   30.0.14.9649
Initialize mono
Mono path[0] = 'C:/Program Files/Unity/Hub/Editor/2020.3.12f1/Editor/Data/Managed'
Mono path[1] = 'C:/Program Files/Unity/Hub/Editor/2020.3.12f1/Editor/Data/MonoBleedingEdge/lib/mono/unityjit'
Mono config path = 'C:/Program Files/Unity/Hub/Editor/2020.3.12f1/Editor/Data/MonoBleedingEdge/etc'
Using monoOptions --debugger-agent=transport=dt_socket,embedding=1,server=y,suspend=n,address=127.0.0.1:56016
Begin MonoManager ReloadAssembly
Registering precompiled unity dll's ...
Register platform support module: C:/Program Files/Unity/Hub/Editor/2020.3.12f1/Editor/Data/PlaybackEngines/WebGLSupport/UnityEditor.WebGL.Extensions.dll
Register platform support module: C:/Program Files/Unity/Hub/Editor/2020.3.12f1/Editor/Data/PlaybackEngines/WindowsStandaloneSupport/UnityEditor.WindowsStandalone.Extensions.dll
Registered in 0.002324 seconds.
Native extension for WindowsStandalone target not found
Native extension for WebGL target not found
Refreshing native plugins compatible for Editor in 31.93 ms, found 2 plugins.
Preloading 0 native plugins for Editor in 0.00 ms.
Mono: successfully reloaded assembly
- Completed reload, in  1.087 seconds
Platform modules already initialized, skipping
Registering precompiled user dll's ...
Registered in 0.003775 seconds.
Begin MonoManager ReloadAssembly
Native extension for WindowsStandalone target not found
Native extension for WebGL target not found
Refreshing native plugins compatible for Editor in 0.40 ms, found 2 plugins.
Preloading 0 native plugins for Editor in 0.00 ms.
Mono: successfully reloaded assembly
- Completed reload, in  0.895 seconds
Platform modules already initialized, skipping
========================================================================
Worker process is ready to serve import requests
Launched and connected shader compiler UnityShaderCompiler.exe after 0.04 seconds
Refreshing native plugins compatible for Editor in 0.42 ms, found 2 plugins.
Preloading 0 native plugins for Editor in 0.00 ms.
Unloading 1779 Unused Serialized files (Serialized files now loaded: 0)
System memory in use before: 84.5 MB.
System memory in use after: 84.5 MB.

Unloading 20 unused Assets to reduce memory usage. Loaded Objects now: 2217.
Total: 2.041200 ms (FindLiveObjects: 0.192200 ms CreateObjectMapping: 0.051100 ms MarkObjects: 1.669200 ms  DeleteObjects: 0.127400 ms)

AssetImportParameters requested are different than current active one (requested -> active):
  custom:framework-win-MediaFoundation: 216162199b28c13a410421893ffa2e32 -> 
  custom:video-decoder-ogg-theora: a1e56fd34408186e4bbccfd4996cb3dc -> 
  custom:container-muxer-webm: aa71ff27fc2769a1b78a27578f13a17b -> 
  custom:container-demuxer-webm: 4f35f7cbe854078d1ac9338744f61a02 -> 
  custom:container-demuxer-ogg: 62fdf1f143b41e24485cea50d1cbac27 -> 
  custom:video-encoder-webm-vp8: eb34c28f22e8b96e1ab97ce403110664 -> 
  custom:video-decoder-webm-vp8: 9c59270c3fd7afecdb556c50c9e8de78 -> 
  custom:audio-decoder-ogg-vorbis: bf7c407c2cedff20999df2af8eb42d56 -> 
  custom:audio-encoder-webm-vorbis: bf7c407c2cedff20999df2af8eb42d56 -> 
========================================================================
Received Import Request.
  path: Assets/Scenes/MainMenu.unity
  artifactKey: Guid(55f620354835ff549a07112cf8517f83) Importer(815301076,1909f56bfc062723c751e8b465ee728b)
Start importing Assets/Scenes/MainMenu.unity using Guid(55f620354835ff549a07112cf8517f83) Importer(815301076,1909f56bfc062723c751e8b465ee728b)  -> (artifact id: 'a9855593143def5333e830fbc6fffb0e') in 0.018812 seconds 
  Import took 0.021510 seconds .

========================================================================
Received Prepare
Registering precompiled user dll's ...
Registered in 0.003478 seconds.
Begin MonoManager ReloadAssembly
Native extension for WindowsStandalone target not found
Native extension for WebGL target not found
Refreshing native plugins compatible for Editor in 0.40 ms, found 2 plugins.
Preloading 0 native plugins for Editor in 0.00 ms.
Mono: successfully reloaded assembly
- Completed reload, in  0.839 seconds
Platform modules already initialized, skipping
Refreshing native plugins compatible for Editor in 0.42 ms, found 2 plugins.
Preloading 0 native plugins for Editor in 0.00 ms.
Unloading 1739 Unused Serialized files (Serialized files now loaded: 0)
System memory in use before: 81.0 MB.
System memory in use after: 81.1 MB.

Unloading 15 unused Assets to reduce memory usage. Loaded Objects now: 2220.
Total: 1.935800 ms (FindLiveObjects: 0.176300 ms CreateObjectMapping: 0.043800 ms MarkObjects: 1.610800 ms  DeleteObjects: 0.103700 ms)

AssetImportParameters requested are different than current active one (requested -> active):
  custom:framework-win-MediaFoundation: 216162199b28c13a410421893ffa2e32 -> 
  custom:video-decoder-ogg-theora: a1e56fd34408186e4bbccfd4996cb3dc -> 
  custom:container-muxer-webm: aa71ff27fc2769a1b78a27578f13a17b -> 
  custom:container-demuxer-webm: 4f35f7cbe854078d1ac9338744f61a02 -> 
  custom:container-demuxer-ogg: 62fdf1f143b41e24485cea50d1cbac27 -> 
  custom:video-encoder-webm-vp8: eb34c28f22e8b96e1ab97ce403110664 -> 
  custom:video-decoder-webm-vp8: 9c59270c3fd7afecdb556c50c9e8de78 -> 
  custom:audio-decoder-ogg-vorbis: bf7c407c2cedff20999df2af8eb42d56 -> 
  custom:audio-encoder-webm-vorbis: bf7c407c2cedff20999df2af8eb42d56 -> 
========================================================================
Received Prepare
Refreshing native plugins compatible for Editor in 2.94 ms, found 2 plugins.
Preloading 0 native plugins for Editor in 0.00 ms.
Unloading 13 Unused Serialized files (Serialized files now loaded: 0)
System memory in use before: 46.9 MB.
System memory in use after: 46.9 MB.

Unloading 13 unused Assets to reduce memory usage. Loaded Objects now: 2220.
Total: 2.229800 ms (FindLiveObjects: 0.206400 ms CreateObjectMapping: 0.044400 ms MarkObjects: 1.887600 ms  DeleteObjects: 0.090000 ms)

AssetImportParameters requested are different than current active one (requested -> active):
  custom:framework-win-MediaFoundation: 216162199b28c13a410421893ffa2e32 -> 
  custom:video-decoder-ogg-theora: a1e56fd34408186e4bbccfd4996cb3dc -> 
  custom:container-muxer-webm: aa71ff27fc2769a1b78a27578f13a17b -> 
  custom:container-demuxer-webm: 4f35f7cbe854078d1ac9338744f61a02 -> 
  custom:container-demuxer-ogg: 62fdf1f143b41e24485cea50d1cbac27 -> 
  custom:video-encoder-webm-vp8: eb34c28f22e8b96e1ab97ce403110664 -> 
  custom:video-decoder-webm-vp8: 9c59270c3fd7afecdb556c50c9e8de78 -> 
  custom:audio-decoder-ogg-vorbis: bf7c407c2cedff20999df2af8eb42d56 -> 
  custom:audio-encoder-webm-vorbis: bf7c407c2cedff20999df2af8eb42d56 -> 
========================================================================
Received Prepare
Refreshing native plugins compatible for Editor in 3.41 ms, found 2 plugins.
Preloading 0 native plugins for Editor in 0.00 ms.
Unloading 13 Unused Serialized files (Serialized files now loaded: 0)
System memory in use before: 46.9 MB.
System memory in use after: 46.9 MB.

Unloading 13 unused Assets to reduce memory usage. Loaded Objects now: 2220.
Total: 2.118500 ms (FindLiveObjects: 0.214300 ms CreateObjectMapping: 0.040400 ms MarkObjects: 1.756400 ms  DeleteObjects: 0.106600 ms)

AssetImportParameters requested are different than current active one (requested -> active):
  custom:framework-win-MediaFoundation: 216162199b28c13a410421893ffa2e32 -> 
  custom:video-decoder-ogg-theora: a1e56fd34408186e4bbccfd4996cb3dc -> 
  custom:container-muxer-webm: aa71ff27fc2769a1b78a27578f13a17b -> 
  custom:container-demuxer-webm: 4f35f7cbe854078d1ac9338744f61a02 -> 
  custom:container-demuxer-ogg: 62fdf1f143b41e24485cea50d1cbac27 -> 
  custom:video-encoder-webm-vp8: eb34c28f22e8b96e1ab97ce403110664 -> 
  custom:video-decoder-webm-vp8: 9c59270c3fd7afecdb556c50c9e8de78 -> 
  custom:audio-decoder-ogg-vorbis: bf7c407c2cedff20999df2af8eb42d56 -> 
  custom:audio-encoder-webm-vorbis: bf7c407c2cedff20999df2af8eb42d56 -> 
========================================================================
Received Prepare
Refreshing native plugins compatible for Editor in 3.11 ms, found 2 plugins.
Preloading 0 native plugins for Editor in 0.00 ms.
Unloading 13 Unused Serialized files (Serialized files now loaded: 0)
System memory in use before: 47.0 MB.
System memory in use after: 47.1 MB.

Unloading 13 unused Assets to reduce memory usage. Loaded Objects now: 2220.
Total: 1.898700 ms (FindLiveObjects: 0.223500 ms CreateObjectMapping: 0.044800 ms MarkObjects: 1.534200 ms  DeleteObjects: 0.095500 ms)

AssetImportParameters requested are different than current active one (requested -> active):
  custom:framework-win-MediaFoundation: 216162199b28c13a410421893ffa2e32 -> 
  custom:video-decoder-ogg-theora: a1e56fd34408186e4bbccfd4996cb3dc -> 
  custom:container-muxer-webm: aa71ff27fc2769a1b78a27578f13a17b -> 
  custom:container-demuxer-webm: 4f35f7cbe854078d1ac9338744f61a02 -> 
  custom:container-demuxer-ogg: 62fdf1f143b41e24485cea50d1cbac27 -> 
  custom:video-encoder-webm-vp8: eb34c28f22e8b96e1ab97ce403110664 -> 
  custom:video-decoder-webm-vp8: 9c59270c3fd7afecdb556c50c9e8de78 -> 
  custom:audio-decoder-ogg-vorbis: bf7c407c2cedff20999df2af8eb42d56 -> 
  custom:audio-encoder-webm-vorbis: bf7c407c2cedff20999df2af8eb42d56 -> 
========================================================================
Received Import Request.
  Time since last request: 984.568920 seconds.
  path: Assets/Scenes/MainScene.unity
  artifactKey: Guid(c5c9e1775cb52504aa23d1b2c7c80960) Importer(815301076,1909f56bfc062723c751e8b465ee728b)
Start importing Assets/Scenes/MainScene.unity using Guid(c5c9e1775cb52504aa23d1b2c7c80960) Importer(815301076,1909f56bfc062723c751e8b465ee728b)  -> (artifact id: 'c79585230608400fee9688ac1e1fbe6e') in 0.022957 seconds 
  Import took 0.026276 seconds .

========================================================================
Received Import Request.
  Time since last request: 539.600247 seconds.
  path: Assets/Scripts/GunControl.cs
  artifactKey: Guid(5e041ffec5629074bb6eb338b7e6eb49) Importer(815301076,1909f56bfc062723c751e8b465ee728b)
Start importing Assets/Scripts/GunControl.cs using Guid(5e041ffec5629074bb6eb338b7e6eb49) Importer(815301076,1909f56bfc062723c751e8b465ee728b)  -> (artifact id: '31d2e3c7856afbbe1053abce58292cfe') in 0.028177 seconds 
  Import took 0.031158 seconds .

========================================================================
Received Import Request.
  Time since last request: 5.820683 seconds.
  path: Assets/Scripts/PauseMenu.cs
  artifactKey: Guid(70a9e4249852b5d4a9d34961770b7551) Importer(815301076,1909f56bfc062723c751e8b465ee728b)
Start importing Assets/Scripts/PauseMenu.cs using Guid(70a9e4249852b5d4a9d34961770b7551) Importer(815301076,1909f56bfc062723c751e8b465ee728b)  -> (artifact id: 'b52872d1843f3e95b28ad7a1cad5b6f1') in 0.009022 seconds 
  Import took 0.012126 seconds .

========================================================================
Received Import Request.
  Time since last request: 4.135009 seconds.
  path: Assets/Scripts/PlayerHealth.cs
  artifactKey: Guid(18ba3be19888e4f4ba8559a0843138ef) Importer(815301076,1909f56bfc062723c751e8b465ee728b)
Start importing Assets/Scripts/PlayerHealth.cs using Guid(18ba3be19888e4f4ba8559a0843138ef) Importer(815301076,1909f56bfc062723c751e8b465ee728b)  -> (artifact id: '0c91340091dc632bcdf729c009963ac8') in 0.007559 seconds 
  Import took 0.010382 seconds .

========================================================================
Received Import Request.
  Time since last request: 1.368034 seconds.
  path: Assets/Scripts/ShopMenu.cs
  artifactKey: Guid(eb3481449d6211c4eb430b649b2de01e) Importer(815301076,1909f56bfc062723c751e8b465ee728b)
Start importing Assets/Scripts/ShopMenu.cs using Guid(eb3481449d6211c4eb430b649b2de01e) Importer(815301076,1909f56bfc062723c751e8b465ee728b)  -> (artifact id: 'f9a0548a60e8daa780f6ed882ab9fcf2') in 0.007680 seconds 
  Import took 0.010639 seconds .

========================================================================
Received Import Request.
  Time since last request: 0.001131 seconds.
  path: Assets/Scripts/ShopMenu.cs
  artifactKey: Guid(eb3481449d6211c4eb430b649b2de01e) Importer(815301076,1909f56bfc062723c751e8b465ee728b)
Start importing Assets/Scripts/ShopMenu.cs using Guid(eb3481449d6211c4eb430b649b2de01e) Importer(815301076,1909f56bfc062723c751e8b465ee728b)  -> (artifact id: 'f9a0548a60e8daa780f6ed882ab9fcf2') in 0.003315 seconds 
  Import took 0.005846 seconds .

========================================================================
Received Import Request.
  Time since last request: 1.254865 seconds.
  path: Assets/Scripts/Singleton.cs
  artifactKey: Guid(6c44e60f59756ee46909e4399ff1eea5) Importer(815301076,1909f56bfc062723c751e8b465ee728b)
Start importing Assets/Scripts/Singleton.cs using Guid(6c44e60f59756ee46909e4399ff1eea5) Importer(815301076,1909f56bfc062723c751e8b465ee728b)  -> (artifact id: '6ed54926b96d0b89edbc261f136a9b00') in 0.008165 seconds 
  Import took 0.011219 seconds .

========================================================================
Received Import Request.
  Time since last request: 1.189830 seconds.
  path: Assets/Scripts/UIManager.cs
  artifactKey: Guid(4101689439608fa4682ad7c87279b170) Importer(815301076,1909f56bfc062723c751e8b465ee728b)
Start importing Assets/Scripts/UIManager.cs using Guid(4101689439608fa4682ad7c87279b170) Importer(815301076,1909f56bfc062723c751e8b465ee728b)  -> (artifact id: '3bae04ab97bd93282b74b9bcc8ccdf5f') in 0.007034 seconds 
  Import took 0.010220 seconds .

========================================================================
Received Import Request.
  Time since last request: 1.322390 seconds.
  path: Assets/Scripts/UpgradesManager.cs
  artifactKey: Guid(7f34e56f80c65de4ea66816914f58995) Importer(815301076,1909f56bfc062723c751e8b465ee728b)
Start importing Assets/Scripts/UpgradesManager.cs using Guid(7f34e56f80c65de4ea66816914f58995) Importer(815301076,1909f56bfc062723c751e8b465ee728b)  -> (artifact id: '1e3fed95e83fb815a320d8eebc7c8d30') in 0.006633 seconds 
  Import took 0.009287 seconds .

========================================================================
Received Import Request.
  Time since last request: 0.001639 seconds.
  path: Assets/Scripts/UpgradesManager.cs
  artifactKey: Guid(7f34e56f80c65de4ea66816914f58995) Importer(815301076,1909f56bfc062723c751e8b465ee728b)
Start importing Assets/Scripts/UpgradesManager.cs using Guid(7f34e56f80c65de4ea66816914f58995) Importer(815301076,1909f56bfc062723c751e8b465ee728b)  -> (artifact id: '1e3fed95e83fb815a320d8eebc7c8d30') in 0.002539 seconds 
  Import took 0.005076 seconds .

========================================================================
Received Import Request.
  Time since last request: 32.070112 seconds.
  path: Assets/Scripts/Bullet.cs
  artifactKey: Guid(66562c02b166ba9489fe533f3e54f30d) Importer(815301076,1909f56bfc062723c751e8b465ee728b)
Start importing Assets/Scripts/Bullet.cs using Guid(66562c02b166ba9489fe533f3e54f30d) Importer(815301076,1909f56bfc062723c751e8b465ee728b)  -> (artifact id: 'af88d5f96649e7ed0672fb5b02aaf401') in 0.006548 seconds 
  Import took 0.009331 seconds .

========================================================================
Received Import Request.
  Time since last request: 0.488297 seconds.
  path: Assets/Scripts/CameraControl.cs
  artifactKey: Guid(53e7db736efdccf4a9394c7db6a2c659) Importer(815301076,1909f56bfc062723c751e8b465ee728b)
Start importing Assets/Scripts/CameraControl.cs using Guid(53e7db736efdccf4a9394c7db6a2c659) Importer(815301076,1909f56bfc062723c751e8b465ee728b)  -> (artifact id: 'c5350ef57fca1b6da89d8121565b1bb1') in 0.007559 seconds 
  Import took 0.010284 seconds .

========================================================================
Received Import Request.
  Time since last request: 1.099897 seconds.
  path: Assets/Scripts/DetectController.cs
  artifactKey: Guid(f450379a255fd1740a8a2ba236ecb216) Importer(815301076,1909f56bfc062723c751e8b465ee728b)
Start importing Assets/Scripts/DetectController.cs using Guid(f450379a255fd1740a8a2ba236ecb216) Importer(815301076,1909f56bfc062723c751e8b465ee728b)  -> (artifact id: '3f92be49527fa11f4a934ee09eb4e80e') in 0.006533 seconds 
  Import took 0.009176 seconds .

AssetImportWorkerClient::OnTransportError - code=2 error=End of file
